<?xml version="1.0" encoding="UTF-8"?>
<coverage generated="1553180409489" clover="3.2.0">
  <project timestamp="1553180409490" name="All files">
    <metrics statements="109" coveredstatements="95" conditionals="64" coveredconditionals="39" methods="42" coveredmethods="29" elements="215" coveredelements="163" complexity="0" loc="109" ncloc="109" packages="3" files="9" classes="9">
      <package name="components">
        <metrics statements="49" coveredstatements="39" conditionals="42" coveredconditionals="22" methods="26" coveredmethods="16"/>
        <file name="App.js" path="/Users/philberryman/workspace/totally-money/client/src/components/App.js">
          <metrics statements="14" coveredstatements="11" conditionals="0" coveredconditionals="0" methods="8" coveredmethods="5"/>
          <line num="13" count="2" type="stmt"/>
          <line num="18" count="2" type="stmt"/>
          <line num="19" count="6" type="stmt"/>
          <line num="20" count="6" type="stmt"/>
          <line num="21" count="6" type="stmt"/>
          <line num="23" count="6" type="stmt"/>
          <line num="24" count="0" type="stmt"/>
          <line num="28" count="0" type="stmt"/>
          <line num="31" count="6" type="stmt"/>
          <line num="38" count="9" type="stmt"/>
          <line num="44" count="4" type="stmt"/>
          <line num="55" count="1" type="stmt"/>
          <line num="66" count="0" type="stmt"/>
          <line num="76" count="9" type="stmt"/>
        </file>
        <file name="AvailableCards.js" path="/Users/philberryman/workspace/totally-money/client/src/components/AvailableCards.js">
          <metrics statements="11" coveredstatements="10" conditionals="0" coveredconditionals="0" methods="6" coveredmethods="5"/>
          <line num="15" count="2" type="stmt"/>
          <line num="20" count="4" type="stmt"/>
          <line num="21" count="4" type="stmt"/>
          <line num="22" count="8" type="stmt"/>
          <line num="25" count="4" type="stmt"/>
          <line num="26" count="1" type="stmt"/>
          <line num="27" count="1" type="stmt"/>
          <line num="30" count="4" type="stmt"/>
          <line num="44" count="0" type="stmt"/>
          <line num="51" count="8" type="stmt"/>
          <line num="71" count="1" type="stmt"/>
        </file>
        <file name="Decision.js" path="/Users/philberryman/workspace/totally-money/client/src/components/Decision.js">
          <metrics statements="5" coveredstatements="4" conditionals="6" coveredconditionals="4" methods="1" coveredmethods="1"/>
          <line num="5" count="3" type="stmt"/>
          <line num="6" count="1" type="stmt"/>
          <line num="7" count="1" type="cond" truecount="1" falsecount="1"/>
          <line num="8" count="1" type="stmt"/>
          <line num="31" count="0" type="stmt"/>
        </file>
        <file name="QualificationForm.js" path="/Users/philberryman/workspace/totally-money/client/src/components/QualificationForm.js">
          <metrics statements="8" coveredstatements="7" conditionals="6" coveredconditionals="3" methods="5" coveredmethods="3"/>
          <line num="18" count="2" type="stmt"/>
          <line num="26" count="2" type="stmt"/>
          <line num="28" count="2" type="stmt"/>
          <line num="29" count="9" type="stmt"/>
          <line num="49" count="3" type="stmt"/>
          <line num="50" count="3" type="stmt"/>
          <line num="53" count="21" type="stmt"/>
          <line num="103" count="0" type="stmt"/>
        </file>
        <file name="SelectedCard.js" path="/Users/philberryman/workspace/totally-money/client/src/components/SelectedCard.js">
          <metrics statements="11" coveredstatements="7" conditionals="30" coveredconditionals="15" methods="6" coveredmethods="2"/>
          <line num="22" count="2" type="stmt"/>
          <line num="23" count="2" type="stmt"/>
          <line num="25" count="2" type="stmt"/>
          <line num="50" count="2" type="stmt"/>
          <line num="52" count="2" type="stmt"/>
          <line num="58" count="1" type="stmt"/>
          <line num="79" count="0" type="stmt"/>
          <line num="98" count="0" type="stmt"/>
          <line num="99" count="0" type="stmt"/>
          <line num="102" count="6" type="stmt"/>
          <line num="197" count="0" type="stmt"/>
        </file>
      </package>
      <package name="lib">
        <metrics statements="32" coveredstatements="28" conditionals="14" coveredconditionals="12" methods="12" coveredmethods="9"/>
        <file name="appData.js" path="/Users/philberryman/workspace/totally-money/client/src/lib/appData.js">
          <metrics statements="2" coveredstatements="2" conditionals="0" coveredconditionals="0" methods="0" coveredmethods="0"/>
          <line num="1" count="3" type="stmt"/>
          <line num="47" count="3" type="stmt"/>
        </file>
        <file name="cards.js" path="/Users/philberryman/workspace/totally-money/client/src/lib/cards.js">
          <metrics statements="26" coveredstatements="25" conditionals="14" coveredconditionals="12" methods="9" coveredmethods="9"/>
          <line num="5" count="3" type="stmt"/>
          <line num="6" count="9" type="stmt"/>
          <line num="7" count="9" type="stmt"/>
          <line num="11" count="27" type="stmt"/>
          <line num="12" count="18" type="cond" truecount="1" falsecount="1"/>
          <line num="13" count="0" type="stmt"/>
          <line num="15" count="18" type="cond" truecount="2" falsecount="0"/>
          <line num="16" count="9" type="cond" truecount="2" falsecount="0"/>
          <line num="17" count="9" type="cond" truecount="1" falsecount="1"/>
          <line num="18" count="9" type="cond" truecount="2" falsecount="0"/>
          <line num="27" count="9" type="stmt"/>
          <line num="28" count="27" type="stmt"/>
          <line num="32" count="9" type="stmt"/>
          <line num="33" count="27" type="cond" truecount="2" falsecount="0"/>
          <line num="34" count="17" type="stmt"/>
          <line num="35" count="17" type="stmt"/>
          <line num="37" count="10" type="stmt"/>
          <line num="42" count="9" type="stmt"/>
          <line num="43" count="9" type="stmt"/>
          <line num="45" count="9" type="stmt"/>
          <line num="46" count="9" type="stmt"/>
          <line num="49" count="3" type="stmt"/>
          <line num="54" count="2" type="stmt"/>
          <line num="55" count="2" type="cond" truecount="2" falsecount="0"/>
          <line num="57" count="1" type="stmt"/>
          <line num="63" count="1" type="stmt"/>
        </file>
        <file name="fetch.js" path="/Users/philberryman/workspace/totally-money/client/src/lib/fetch.js">
          <metrics statements="4" coveredstatements="1" conditionals="0" coveredconditionals="0" methods="3" coveredmethods="0"/>
          <line num="1" count="2" type="stmt"/>
          <line num="6" count="0" type="stmt"/>
          <line num="17" count="0" type="stmt"/>
          <line num="18" count="0" type="stmt"/>
        </file>
      </package>
      <package name="styles">
        <metrics statements="28" coveredstatements="28" conditionals="8" coveredconditionals="5" methods="4" coveredmethods="4"/>
        <file name="styles.js" path="/Users/philberryman/workspace/totally-money/client/src/styles/styles.js">
          <metrics statements="28" coveredstatements="28" conditionals="8" coveredconditionals="5" methods="4" coveredmethods="4"/>
          <line num="4" count="3" type="stmt"/>
          <line num="13" count="3" type="stmt"/>
          <line num="22" count="3" type="stmt"/>
          <line num="31" count="3" type="stmt"/>
          <line num="40" count="3" type="stmt"/>
          <line num="47" count="3" type="stmt"/>
          <line num="53" count="3" type="stmt"/>
          <line num="59" count="3" type="stmt"/>
          <line num="63" count="51" type="cond" truecount="1" falsecount="1"/>
          <line num="64" count="51" type="cond" truecount="1" falsecount="1"/>
          <line num="67" count="3" type="stmt"/>
          <line num="75" count="3" type="stmt"/>
          <line num="77" count="21" type="cond" truecount="1" falsecount="1"/>
          <line num="80" count="3" type="stmt"/>
          <line num="88" count="3" type="stmt"/>
          <line num="96" count="3" type="stmt"/>
          <line num="103" count="3" type="stmt"/>
          <line num="108" count="3" type="stmt"/>
          <line num="112" count="3" type="stmt"/>
          <line num="117" count="3" type="stmt"/>
          <line num="125" count="3" type="stmt"/>
          <line num="130" count="13" type="cond" truecount="2" falsecount="0"/>
          <line num="136" count="3" type="stmt"/>
          <line num="145" count="3" type="stmt"/>
          <line num="149" count="3" type="stmt"/>
          <line num="160" count="3" type="stmt"/>
          <line num="164" count="3" type="stmt"/>
          <line num="168" count="3" type="stmt"/>
        </file>
      </package>
    </metrics>
  </project>
</coverage>
