<?xml version="1.0" encoding="UTF-8"?>
<coverage generated="1553131953285" clover="3.2.0">
  <project timestamp="1553131953285" name="All files">
    <metrics statements="102" coveredstatements="87" conditionals="62" coveredconditionals="33" methods="39" coveredmethods="26" elements="203" coveredelements="146" complexity="0" loc="102" ncloc="102" packages="3" files="9" classes="9">
      <package name="components">
        <metrics statements="45" coveredstatements="34" conditionals="42" coveredconditionals="18" methods="24" coveredmethods="14"/>
        <file name="App.js" path="/Users/philberryman/workspace/totally-money/client/src/components/App.js">
          <metrics statements="12" coveredstatements="9" conditionals="0" coveredconditionals="0" methods="7" coveredmethods="4"/>
          <line num="12" count="2" type="stmt"/>
          <line num="13" count="6" type="stmt"/>
          <line num="14" count="6" type="stmt"/>
          <line num="15" count="6" type="stmt"/>
          <line num="17" count="6" type="stmt"/>
          <line num="18" count="0" type="stmt"/>
          <line num="22" count="0" type="stmt"/>
          <line num="25" count="6" type="stmt"/>
          <line num="34" count="2" type="stmt"/>
          <line num="44" count="1" type="stmt"/>
          <line num="53" count="0" type="stmt"/>
          <line num="58" count="5" type="stmt"/>
        </file>
        <file name="AvailableCards.js" path="/Users/philberryman/workspace/totally-money/client/src/components/AvailableCards.js">
          <metrics statements="11" coveredstatements="10" conditionals="0" coveredconditionals="0" methods="6" coveredmethods="5"/>
          <line num="13" count="2" type="stmt"/>
          <line num="18" count="2" type="stmt"/>
          <line num="19" count="2" type="stmt"/>
          <line num="20" count="4" type="stmt"/>
          <line num="23" count="2" type="stmt"/>
          <line num="24" count="1" type="stmt"/>
          <line num="25" count="1" type="stmt"/>
          <line num="28" count="2" type="stmt"/>
          <line num="40" count="0" type="stmt"/>
          <line num="45" count="4" type="stmt"/>
          <line num="64" count="1" type="stmt"/>
        </file>
        <file name="Decision.js" path="/Users/philberryman/workspace/totally-money/client/src/components/Decision.js">
          <metrics statements="4" coveredstatements="1" conditionals="6" coveredconditionals="0" methods="1" coveredmethods="0"/>
          <line num="5" count="2" type="stmt"/>
          <line num="6" count="0" type="cond" truecount="0" falsecount="2"/>
          <line num="7" count="0" type="stmt"/>
          <line num="30" count="0" type="stmt"/>
        </file>
        <file name="QualificationForm.js" path="/Users/philberryman/workspace/totally-money/client/src/components/QualificationForm.js">
          <metrics statements="8" coveredstatements="7" conditionals="6" coveredconditionals="3" methods="5" coveredmethods="3"/>
          <line num="19" count="2" type="stmt"/>
          <line num="27" count="2" type="stmt"/>
          <line num="29" count="2" type="stmt"/>
          <line num="30" count="5" type="stmt"/>
          <line num="52" count="2" type="stmt"/>
          <line num="53" count="2" type="stmt"/>
          <line num="56" count="13" type="stmt"/>
          <line num="106" count="0" type="stmt"/>
        </file>
        <file name="SelectedCard.js" path="/Users/philberryman/workspace/totally-money/client/src/components/SelectedCard.js">
          <metrics statements="10" coveredstatements="7" conditionals="30" coveredconditionals="15" methods="5" coveredmethods="2"/>
          <line num="22" count="2" type="stmt"/>
          <line num="23" count="2" type="stmt"/>
          <line num="25" count="2" type="stmt"/>
          <line num="50" count="2" type="stmt"/>
          <line num="52" count="2" type="stmt"/>
          <line num="58" count="1" type="stmt"/>
          <line num="95" count="0" type="stmt"/>
          <line num="96" count="0" type="stmt"/>
          <line num="99" count="7" type="stmt"/>
          <line num="194" count="0" type="stmt"/>
        </file>
      </package>
      <package name="lib">
        <metrics statements="32" coveredstatements="28" conditionals="14" coveredconditionals="12" methods="12" coveredmethods="9"/>
        <file name="appData.js" path="/Users/philberryman/workspace/totally-money/client/src/lib/appData.js">
          <metrics statements="2" coveredstatements="2" conditionals="0" coveredconditionals="0" methods="0" coveredmethods="0"/>
          <line num="1" count="3" type="stmt"/>
          <line num="47" count="3" type="stmt"/>
        </file>
        <file name="cards.js" path="/Users/philberryman/workspace/totally-money/client/src/lib/cards.js">
          <metrics statements="26" coveredstatements="25" conditionals="14" coveredconditionals="12" methods="9" coveredmethods="9"/>
          <line num="5" count="3" type="stmt"/>
          <line num="6" count="7" type="stmt"/>
          <line num="7" count="7" type="stmt"/>
          <line num="11" count="21" type="stmt"/>
          <line num="12" count="14" type="cond" truecount="1" falsecount="1"/>
          <line num="13" count="0" type="stmt"/>
          <line num="15" count="14" type="cond" truecount="2" falsecount="0"/>
          <line num="16" count="7" type="cond" truecount="2" falsecount="0"/>
          <line num="17" count="7" type="cond" truecount="1" falsecount="1"/>
          <line num="18" count="7" type="cond" truecount="2" falsecount="0"/>
          <line num="27" count="7" type="stmt"/>
          <line num="28" count="21" type="stmt"/>
          <line num="32" count="7" type="stmt"/>
          <line num="33" count="21" type="cond" truecount="2" falsecount="0"/>
          <line num="34" count="13" type="stmt"/>
          <line num="35" count="13" type="stmt"/>
          <line num="37" count="8" type="stmt"/>
          <line num="42" count="7" type="stmt"/>
          <line num="43" count="7" type="stmt"/>
          <line num="45" count="7" type="stmt"/>
          <line num="46" count="7" type="stmt"/>
          <line num="49" count="3" type="stmt"/>
          <line num="55" count="2" type="stmt"/>
          <line num="56" count="2" type="cond" truecount="2" falsecount="0"/>
          <line num="58" count="1" type="stmt"/>
          <line num="64" count="1" type="stmt"/>
        </file>
        <file name="fetch.js" path="/Users/philberryman/workspace/totally-money/client/src/lib/fetch.js">
          <metrics statements="4" coveredstatements="1" conditionals="0" coveredconditionals="0" methods="3" coveredmethods="0"/>
          <line num="1" count="2" type="stmt"/>
          <line num="6" count="0" type="stmt"/>
          <line num="17" count="0" type="stmt"/>
          <line num="18" count="0" type="stmt"/>
        </file>
      </package>
      <package name="styles">
        <metrics statements="25" coveredstatements="25" conditionals="6" coveredconditionals="3" methods="3" coveredmethods="3"/>
        <file name="styles.js" path="/Users/philberryman/workspace/totally-money/client/src/styles/styles.js">
          <metrics statements="25" coveredstatements="25" conditionals="6" coveredconditionals="3" methods="3" coveredmethods="3"/>
          <line num="3" count="2" type="stmt"/>
          <line num="12" count="2" type="stmt"/>
          <line num="21" count="2" type="stmt"/>
          <line num="30" count="2" type="stmt"/>
          <line num="39" count="2" type="stmt"/>
          <line num="46" count="2" type="stmt"/>
          <line num="52" count="2" type="stmt"/>
          <line num="58" count="2" type="stmt"/>
          <line num="62" count="48" type="cond" truecount="1" falsecount="1"/>
          <line num="63" count="48" type="cond" truecount="1" falsecount="1"/>
          <line num="66" count="2" type="stmt"/>
          <line num="74" count="2" type="stmt"/>
          <line num="76" count="13" type="cond" truecount="1" falsecount="1"/>
          <line num="79" count="2" type="stmt"/>
          <line num="87" count="2" type="stmt"/>
          <line num="96" count="2" type="stmt"/>
          <line num="103" count="2" type="stmt"/>
          <line num="108" count="2" type="stmt"/>
          <line num="116" count="2" type="stmt"/>
          <line num="127" count="2" type="stmt"/>
          <line num="136" count="2" type="stmt"/>
          <line num="140" count="2" type="stmt"/>
          <line num="151" count="2" type="stmt"/>
          <line num="155" count="2" type="stmt"/>
          <line num="159" count="2" type="stmt"/>
        </file>
      </package>
    </metrics>
  </project>
</coverage>
