{"/Users/philberryman/workspace/totally-money/client/src/components/App.js": {"path":"/Users/philberryman/workspace/totally-money/client/src/components/App.js","statementMap":{"0":{"start":{"line":13,"column":23},"end":{"line":16,"column":2}},"1":{"start":{"line":18,"column":19},"end":{"line":94,"column":1}},"2":{"start":{"line":19,"column":42},"end":{"line":19,"column":54}},"3":{"start":{"line":20,"column":66},"end":{"line":20,"column":78}},"4":{"start":{"line":21,"column":34},"end":{"line":21,"column":44}},"5":{"start":{"line":23,"column":26},"end":{"line":29,"column":3}},"6":{"start":{"line":24,"column":4},"end":{"line":28,"column":46}},"7":{"start":{"line":28,"column":23},"end":{"line":28,"column":44}},"8":{"start":{"line":31,"column":2},"end":{"line":93,"column":4}},"9":{"start":{"line":38,"column":14},"end":{"line":87,"column":26}},"10":{"start":{"line":44,"column":24},"end":{"line":49,"column":26}},"11":{"start":{"line":55,"column":24},"end":{"line":60,"column":26}},"12":{"start":{"line":66,"column":24},"end":{"line":70,"column":26}},"13":{"start":{"line":76,"column":24},"end":{"line":82,"column":26}}},"fnMap":{"0":{"name":"(anonymous_0)","decl":{"start":{"line":18,"column":19},"end":{"line":18,"column":20}},"loc":{"start":{"line":18,"column":25},"end":{"line":94,"column":1}},"line":18},"1":{"name":"(anonymous_1)","decl":{"start":{"line":23,"column":26},"end":{"line":23,"column":27}},"loc":{"start":{"line":23,"column":49},"end":{"line":29,"column":3}},"line":23},"2":{"name":"(anonymous_2)","decl":{"start":{"line":28,"column":11},"end":{"line":28,"column":12}},"loc":{"start":{"line":28,"column":23},"end":{"line":28,"column":44}},"line":28},"3":{"name":"(anonymous_3)","decl":{"start":{"line":37,"column":20},"end":{"line":37,"column":21}},"loc":{"start":{"line":38,"column":14},"end":{"line":87,"column":26}},"line":38},"4":{"name":"(anonymous_4)","decl":{"start":{"line":43,"column":30},"end":{"line":43,"column":31}},"loc":{"start":{"line":44,"column":24},"end":{"line":49,"column":26}},"line":44},"5":{"name":"(anonymous_5)","decl":{"start":{"line":54,"column":30},"end":{"line":54,"column":31}},"loc":{"start":{"line":55,"column":24},"end":{"line":60,"column":26}},"line":55},"6":{"name":"(anonymous_6)","decl":{"start":{"line":65,"column":30},"end":{"line":65,"column":31}},"loc":{"start":{"line":66,"column":24},"end":{"line":70,"column":26}},"line":66},"7":{"name":"(anonymous_7)","decl":{"start":{"line":75,"column":30},"end":{"line":75,"column":31}},"loc":{"start":{"line":76,"column":24},"end":{"line":82,"column":26}},"line":76}},"branchMap":{},"s":{"0":2,"1":2,"2":6,"3":6,"4":6,"5":6,"6":0,"7":0,"8":6,"9":9,"10":4,"11":1,"12":0,"13":9},"f":{"0":6,"1":0,"2":0,"3":9,"4":4,"5":1,"6":0,"7":9},"b":{},"_coverageSchema":"332fd63041d2c1bcb487cc26dd0d5f7d97098a6c","hash":"be090a0ea383f813672a2abdc1cee8c4fdea756e"}
,"/Users/philberryman/workspace/totally-money/client/src/components/AvailableCards.js": {"path":"/Users/philberryman/workspace/totally-money/client/src/components/AvailableCards.js","statementMap":{"0":{"start":{"line":15,"column":30},"end":{"line":80,"column":1}},"1":{"start":{"line":20,"column":16},"end":{"line":20,"column":59}},"2":{"start":{"line":21,"column":22},"end":{"line":24,"column":3}},"3":{"start":{"line":22,"column":30},"end":{"line":22,"column":67}},"4":{"start":{"line":25,"column":28},"end":{"line":28,"column":3}},"5":{"start":{"line":26,"column":4},"end":{"line":26,"column":26}},"6":{"start":{"line":27,"column":4},"end":{"line":27,"column":35}},"7":{"start":{"line":30,"column":2},"end":{"line":79,"column":4}},"8":{"start":{"line":44,"column":35},"end":{"line":44,"column":52}},"9":{"start":{"line":51,"column":10},"end":{"line":75,"column":21}},"10":{"start":{"line":71,"column":37},"end":{"line":71,"column":60}}},"fnMap":{"0":{"name":"(anonymous_0)","decl":{"start":{"line":15,"column":30},"end":{"line":15,"column":31}},"loc":{"start":{"line":19,"column":6},"end":{"line":80,"column":1}},"line":19},"1":{"name":"(anonymous_1)","decl":{"start":{"line":22,"column":4},"end":{"line":22,"column":5}},"loc":{"start":{"line":22,"column":30},"end":{"line":22,"column":67}},"line":22},"2":{"name":"(anonymous_2)","decl":{"start":{"line":25,"column":28},"end":{"line":25,"column":29}},"loc":{"start":{"line":25,"column":36},"end":{"line":28,"column":3}},"line":25},"3":{"name":"(anonymous_3)","decl":{"start":{"line":44,"column":29},"end":{"line":44,"column":30}},"loc":{"start":{"line":44,"column":35},"end":{"line":44,"column":52}},"line":44},"4":{"name":"(anonymous_4)","decl":{"start":{"line":50,"column":19},"end":{"line":50,"column":20}},"loc":{"start":{"line":51,"column":10},"end":{"line":75,"column":21}},"line":51},"5":{"name":"(anonymous_5)","decl":{"start":{"line":71,"column":31},"end":{"line":71,"column":32}},"loc":{"start":{"line":71,"column":37},"end":{"line":71,"column":60}},"line":71}},"branchMap":{},"s":{"0":2,"1":4,"2":4,"3":8,"4":4,"5":1,"6":1,"7":4,"8":0,"9":8,"10":1},"f":{"0":4,"1":8,"2":1,"3":0,"4":8,"5":1},"b":{},"_coverageSchema":"332fd63041d2c1bcb487cc26dd0d5f7d97098a6c","hash":"b070013580c83e70d17b17b95fe9803eb8ee1dad"}
,"/Users/philberryman/workspace/totally-money/client/src/components/Decision.js": {"path":"/Users/philberryman/workspace/totally-money/client/src/components/Decision.js","statementMap":{"0":{"start":{"line":5,"column":24},"end":{"line":33,"column":1}},"1":{"start":{"line":6,"column":2},"end":{"line":6,"column":24}},"2":{"start":{"line":7,"column":2},"end":{"line":32,"column":3}},"3":{"start":{"line":8,"column":4},"end":{"line":29,"column":6}},"4":{"start":{"line":31,"column":4},"end":{"line":31,"column":16}}},"fnMap":{"0":{"name":"(anonymous_0)","decl":{"start":{"line":5,"column":24},"end":{"line":5,"column":25}},"loc":{"start":{"line":5,"column":42},"end":{"line":33,"column":1}},"line":5}},"branchMap":{"0":{"loc":{"start":{"line":7,"column":2},"end":{"line":32,"column":3}},"type":"if","locations":[{"start":{"line":7,"column":2},"end":{"line":32,"column":3}},{"start":{"line":7,"column":2},"end":{"line":32,"column":3}}],"line":7},"1":{"loc":{"start":{"line":10,"column":9},"end":{"line":18,"column":9}},"type":"binary-expr","locations":[{"start":{"line":10,"column":9},"end":{"line":10,"column":39}},{"start":{"line":11,"column":10},"end":{"line":17,"column":13}}],"line":10},"2":{"loc":{"start":{"line":20,"column":9},"end":{"line":27,"column":9}},"type":"binary-expr","locations":[{"start":{"line":20,"column":9},"end":{"line":20,"column":39}},{"start":{"line":21,"column":10},"end":{"line":26,"column":13}}],"line":20}},"s":{"0":3,"1":1,"2":1,"3":1,"4":0},"f":{"0":1},"b":{"0":[1,0],"1":[1,1],"2":[1,0]},"_coverageSchema":"332fd63041d2c1bcb487cc26dd0d5f7d97098a6c","hash":"ad5f5534dbf230736c675e5e8e05f77236cd62ed"}
,"/Users/philberryman/workspace/totally-money/client/src/components/QualificationForm.js": {"path":"/Users/philberryman/workspace/totally-money/client/src/components/QualificationForm.js","statementMap":{"0":{"start":{"line":18,"column":15},"end":{"line":24,"column":2}},"1":{"start":{"line":26,"column":17},"end":{"line":26,"column":57}},"2":{"start":{"line":26,"column":28},"end":{"line":26,"column":57}},"3":{"start":{"line":28,"column":33},"end":{"line":115,"column":1}},"4":{"start":{"line":29,"column":2},"end":{"line":114,"column":4}},"5":{"start":{"line":49,"column":12},"end":{"line":49,"column":48}},"6":{"start":{"line":50,"column":12},"end":{"line":50,"column":41}},"7":{"start":{"line":53,"column":12},"end":{"line":109,"column":19}},"8":{"start":{"line":103,"column":34},"end":{"line":103,"column":44}}},"fnMap":{"0":{"name":"(anonymous_0)","decl":{"start":{"line":26,"column":17},"end":{"line":26,"column":18}},"loc":{"start":{"line":26,"column":28},"end":{"line":26,"column":57}},"line":26},"1":{"name":"(anonymous_1)","decl":{"start":{"line":28,"column":33},"end":{"line":28,"column":34}},"loc":{"start":{"line":28,"column":79},"end":{"line":115,"column":1}},"line":28},"2":{"name":"(anonymous_2)","decl":{"start":{"line":48,"column":20},"end":{"line":48,"column":21}},"loc":{"start":{"line":48,"column":30},"end":{"line":51,"column":11}},"line":48},"3":{"name":"(anonymous_3)","decl":{"start":{"line":52,"column":18},"end":{"line":52,"column":19}},"loc":{"start":{"line":53,"column":12},"end":{"line":109,"column":19}},"line":53},"4":{"name":"(anonymous_4)","decl":{"start":{"line":103,"column":28},"end":{"line":103,"column":29}},"loc":{"start":{"line":103,"column":34},"end":{"line":103,"column":44}},"line":103}},"branchMap":{"0":{"loc":{"start":{"line":93,"column":27},"end":{"line":93,"column":70}},"type":"binary-expr","locations":[{"start":{"line":93,"column":27},"end":{"line":93,"column":46}},{"start":{"line":93,"column":50},"end":{"line":93,"column":70}}],"line":93},"1":{"loc":{"start":{"line":96,"column":21},"end":{"line":98,"column":28}},"type":"cond-expr","locations":[{"start":{"line":97,"column":24},"end":{"line":97,"column":43}},{"start":{"line":98,"column":24},"end":{"line":98,"column":28}}],"line":96},"2":{"loc":{"start":{"line":96,"column":21},"end":{"line":96,"column":64}},"type":"binary-expr","locations":[{"start":{"line":96,"column":21},"end":{"line":96,"column":40}},{"start":{"line":96,"column":44},"end":{"line":96,"column":64}}],"line":96}},"s":{"0":2,"1":2,"2":0,"3":2,"4":9,"5":3,"6":3,"7":21,"8":0},"f":{"0":0,"1":9,"2":3,"3":21,"4":0},"b":{"0":[21,0],"1":[0,21],"2":[21,0]},"_coverageSchema":"332fd63041d2c1bcb487cc26dd0d5f7d97098a6c","hash":"8aa1590d97dde3db43d8198835c1d9031063e929"}
,"/Users/philberryman/workspace/totally-money/client/src/components/SelectedCard.js": {"path":"/Users/philberryman/workspace/totally-money/client/src/components/SelectedCard.js","statementMap":{"0":{"start":{"line":22,"column":22},"end":{"line":22,"column":90}},"1":{"start":{"line":23,"column":25},"end":{"line":23,"column":350}},"2":{"start":{"line":25,"column":15},"end":{"line":48,"column":2}},"3":{"start":{"line":50,"column":17},"end":{"line":50,"column":57}},"4":{"start":{"line":50,"column":28},"end":{"line":50,"column":57}},"5":{"start":{"line":52,"column":28},"end":{"line":209,"column":1}},"6":{"start":{"line":58,"column":2},"end":{"line":208,"column":4}},"7":{"start":{"line":79,"column":31},"end":{"line":79,"column":59}},"8":{"start":{"line":98,"column":12},"end":{"line":98,"column":36}},"9":{"start":{"line":99,"column":12},"end":{"line":99,"column":38}},"10":{"start":{"line":102,"column":12},"end":{"line":203,"column":19}},"11":{"start":{"line":197,"column":34},"end":{"line":197,"column":44}}},"fnMap":{"0":{"name":"(anonymous_0)","decl":{"start":{"line":50,"column":17},"end":{"line":50,"column":18}},"loc":{"start":{"line":50,"column":28},"end":{"line":50,"column":57}},"line":50},"1":{"name":"(anonymous_1)","decl":{"start":{"line":52,"column":28},"end":{"line":52,"column":29}},"loc":{"start":{"line":57,"column":6},"end":{"line":209,"column":1}},"line":57},"2":{"name":"(anonymous_2)","decl":{"start":{"line":79,"column":25},"end":{"line":79,"column":26}},"loc":{"start":{"line":79,"column":31},"end":{"line":79,"column":59}},"line":79},"3":{"name":"(anonymous_3)","decl":{"start":{"line":97,"column":20},"end":{"line":97,"column":21}},"loc":{"start":{"line":97,"column":30},"end":{"line":100,"column":11}},"line":97},"4":{"name":"(anonymous_4)","decl":{"start":{"line":101,"column":18},"end":{"line":101,"column":19}},"loc":{"start":{"line":102,"column":12},"end":{"line":203,"column":19}},"line":102},"5":{"name":"(anonymous_5)","decl":{"start":{"line":197,"column":28},"end":{"line":197,"column":29}},"loc":{"start":{"line":197,"column":34},"end":{"line":197,"column":44}},"line":197}},"branchMap":{"0":{"loc":{"start":{"line":114,"column":27},"end":{"line":114,"column":56}},"type":"binary-expr","locations":[{"start":{"line":114,"column":27},"end":{"line":114,"column":39}},{"start":{"line":114,"column":43},"end":{"line":114,"column":56}}],"line":114},"1":{"loc":{"start":{"line":117,"column":21},"end":{"line":117,"column":72}},"type":"cond-expr","locations":[{"start":{"line":117,"column":53},"end":{"line":117,"column":65}},{"start":{"line":117,"column":68},"end":{"line":117,"column":72}}],"line":117},"2":{"loc":{"start":{"line":117,"column":21},"end":{"line":117,"column":50}},"type":"binary-expr","locations":[{"start":{"line":117,"column":21},"end":{"line":117,"column":33}},{"start":{"line":117,"column":37},"end":{"line":117,"column":50}}],"line":117},"3":{"loc":{"start":{"line":131,"column":27},"end":{"line":131,"column":54}},"type":"binary-expr","locations":[{"start":{"line":131,"column":27},"end":{"line":131,"column":38}},{"start":{"line":131,"column":42},"end":{"line":131,"column":54}}],"line":131},"4":{"loc":{"start":{"line":134,"column":21},"end":{"line":134,"column":69}},"type":"cond-expr","locations":[{"start":{"line":134,"column":51},"end":{"line":134,"column":62}},{"start":{"line":134,"column":65},"end":{"line":134,"column":69}}],"line":134},"5":{"loc":{"start":{"line":134,"column":21},"end":{"line":134,"column":48}},"type":"binary-expr","locations":[{"start":{"line":134,"column":21},"end":{"line":134,"column":32}},{"start":{"line":134,"column":36},"end":{"line":134,"column":48}}],"line":134},"6":{"loc":{"start":{"line":148,"column":27},"end":{"line":148,"column":68}},"type":"binary-expr","locations":[{"start":{"line":148,"column":27},"end":{"line":148,"column":45}},{"start":{"line":148,"column":49},"end":{"line":148,"column":68}}],"line":148},"7":{"loc":{"start":{"line":151,"column":21},"end":{"line":153,"column":28}},"type":"cond-expr","locations":[{"start":{"line":152,"column":24},"end":{"line":152,"column":42}},{"start":{"line":153,"column":24},"end":{"line":153,"column":28}}],"line":151},"8":{"loc":{"start":{"line":151,"column":21},"end":{"line":151,"column":62}},"type":"binary-expr","locations":[{"start":{"line":151,"column":21},"end":{"line":151,"column":39}},{"start":{"line":151,"column":43},"end":{"line":151,"column":62}}],"line":151},"9":{"loc":{"start":{"line":167,"column":27},"end":{"line":167,"column":62}},"type":"binary-expr","locations":[{"start":{"line":167,"column":27},"end":{"line":167,"column":42}},{"start":{"line":167,"column":46},"end":{"line":167,"column":62}}],"line":167},"10":{"loc":{"start":{"line":170,"column":21},"end":{"line":172,"column":28}},"type":"cond-expr","locations":[{"start":{"line":171,"column":24},"end":{"line":171,"column":39}},{"start":{"line":172,"column":24},"end":{"line":172,"column":28}}],"line":170},"11":{"loc":{"start":{"line":170,"column":21},"end":{"line":170,"column":56}},"type":"binary-expr","locations":[{"start":{"line":170,"column":21},"end":{"line":170,"column":36}},{"start":{"line":170,"column":40},"end":{"line":170,"column":56}}],"line":170},"12":{"loc":{"start":{"line":186,"column":27},"end":{"line":186,"column":68}},"type":"binary-expr","locations":[{"start":{"line":186,"column":27},"end":{"line":186,"column":45}},{"start":{"line":186,"column":49},"end":{"line":186,"column":68}}],"line":186},"13":{"loc":{"start":{"line":189,"column":21},"end":{"line":191,"column":28}},"type":"cond-expr","locations":[{"start":{"line":190,"column":24},"end":{"line":190,"column":42}},{"start":{"line":191,"column":24},"end":{"line":191,"column":28}}],"line":189},"14":{"loc":{"start":{"line":189,"column":21},"end":{"line":189,"column":62}},"type":"binary-expr","locations":[{"start":{"line":189,"column":21},"end":{"line":189,"column":39}},{"start":{"line":189,"column":43},"end":{"line":189,"column":62}}],"line":189}},"s":{"0":2,"1":2,"2":2,"3":2,"4":0,"5":2,"6":1,"7":0,"8":0,"9":0,"10":6,"11":0},"f":{"0":0,"1":1,"2":0,"3":0,"4":6,"5":0},"b":{"0":[6,0],"1":[0,6],"2":[6,0],"3":[6,0],"4":[0,6],"5":[6,0],"6":[6,0],"7":[0,6],"8":[6,0],"9":[6,0],"10":[0,6],"11":[6,0],"12":[6,0],"13":[0,6],"14":[6,0]},"_coverageSchema":"332fd63041d2c1bcb487cc26dd0d5f7d97098a6c","hash":"8c03aba9a890e43fe1b1be64c449b9496423e2e0"}
,"/Users/philberryman/workspace/totally-money/client/src/lib/appData.js": {"path":"/Users/philberryman/workspace/totally-money/client/src/lib/appData.js","statementMap":{"0":{"start":{"line":1,"column":29},"end":{"line":45,"column":1}},"1":{"start":{"line":47,"column":26},"end":{"line":78,"column":1}}},"fnMap":{},"branchMap":{},"s":{"0":3,"1":3},"f":{},"b":{},"_coverageSchema":"332fd63041d2c1bcb487cc26dd0d5f7d97098a6c","hash":"b2fa45d490dd89e693a3d4e604a6d019734d476c"}
,"/Users/philberryman/workspace/totally-money/client/src/lib/cards.js": {"path":"/Users/philberryman/workspace/totally-money/client/src/lib/cards.js","statementMap":{"0":{"start":{"line":5,"column":33},"end":{"line":47,"column":1}},"1":{"start":{"line":6,"column":16},"end":{"line":6,"column":39}},"2":{"start":{"line":7,"column":22},"end":{"line":7,"column":43}},"3":{"start":{"line":11,"column":26},"end":{"line":23,"column":3}},"4":{"start":{"line":11,"column":36},"end":{"line":23,"column":3}},"5":{"start":{"line":12,"column":4},"end":{"line":14,"column":5}},"6":{"start":{"line":13,"column":6},"end":{"line":13,"column":19}},"7":{"start":{"line":15,"column":4},"end":{"line":19,"column":5}},"8":{"start":{"line":16,"column":6},"end":{"line":16,"column":77}},"9":{"start":{"line":17,"column":11},"end":{"line":19,"column":5}},"10":{"start":{"line":18,"column":6},"end":{"line":18,"column":76}},"11":{"start":{"line":27,"column":26},"end":{"line":28,"column":55}},"12":{"start":{"line":28,"column":4},"end":{"line":28,"column":55}},"13":{"start":{"line":32,"column":37},"end":{"line":38,"column":3}},"14":{"start":{"line":32,"column":47},"end":{"line":38,"column":3}},"15":{"start":{"line":33,"column":4},"end":{"line":36,"column":5}},"16":{"start":{"line":34,"column":6},"end":{"line":34,"column":29}},"17":{"start":{"line":35,"column":6},"end":{"line":35,"column":25}},"18":{"start":{"line":37,"column":4},"end":{"line":37,"column":23}},"19":{"start":{"line":42,"column":25},"end":{"line":43,"column":62}},"20":{"start":{"line":43,"column":4},"end":{"line":43,"column":62}},"21":{"start":{"line":45,"column":16},"end":{"line":45,"column":38}},"22":{"start":{"line":46,"column":2},"end":{"line":46,"column":15}},"23":{"start":{"line":49,"column":32},"end":{"line":69,"column":1}},"24":{"start":{"line":54,"column":25},"end":{"line":54,"column":68}},"25":{"start":{"line":55,"column":2},"end":{"line":68,"column":3}},"26":{"start":{"line":55,"column":34},"end":{"line":55,"column":65}},"27":{"start":{"line":57,"column":4},"end":{"line":61,"column":6}},"28":{"start":{"line":63,"column":4},"end":{"line":67,"column":6}}},"fnMap":{"0":{"name":"(anonymous_0)","decl":{"start":{"line":5,"column":33},"end":{"line":5,"column":34}},"loc":{"start":{"line":5,"column":43},"end":{"line":47,"column":1}},"line":5},"1":{"name":"(anonymous_1)","decl":{"start":{"line":11,"column":26},"end":{"line":11,"column":27}},"loc":{"start":{"line":11,"column":36},"end":{"line":23,"column":3}},"line":11},"2":{"name":"(anonymous_2)","decl":{"start":{"line":11,"column":36},"end":{"line":11,"column":37}},"loc":{"start":{"line":11,"column":67},"end":{"line":23,"column":3}},"line":11},"3":{"name":"(anonymous_3)","decl":{"start":{"line":27,"column":26},"end":{"line":27,"column":27}},"loc":{"start":{"line":28,"column":4},"end":{"line":28,"column":55}},"line":28},"4":{"name":"(anonymous_4)","decl":{"start":{"line":32,"column":37},"end":{"line":32,"column":38}},"loc":{"start":{"line":32,"column":47},"end":{"line":38,"column":3}},"line":32},"5":{"name":"(anonymous_5)","decl":{"start":{"line":32,"column":47},"end":{"line":32,"column":48}},"loc":{"start":{"line":32,"column":70},"end":{"line":38,"column":3}},"line":32},"6":{"name":"(anonymous_6)","decl":{"start":{"line":42,"column":25},"end":{"line":42,"column":26}},"loc":{"start":{"line":43,"column":4},"end":{"line":43,"column":62}},"line":43},"7":{"name":"(anonymous_7)","decl":{"start":{"line":49,"column":32},"end":{"line":49,"column":33}},"loc":{"start":{"line":53,"column":5},"end":{"line":69,"column":1}},"line":53},"8":{"name":"(anonymous_8)","decl":{"start":{"line":55,"column":26},"end":{"line":55,"column":27}},"loc":{"start":{"line":55,"column":34},"end":{"line":55,"column":65}},"line":55}},"branchMap":{"0":{"loc":{"start":{"line":12,"column":4},"end":{"line":14,"column":5}},"type":"if","locations":[{"start":{"line":12,"column":4},"end":{"line":14,"column":5}},{"start":{"line":12,"column":4},"end":{"line":14,"column":5}}],"line":12},"1":{"loc":{"start":{"line":15,"column":4},"end":{"line":19,"column":5}},"type":"if","locations":[{"start":{"line":15,"column":4},"end":{"line":19,"column":5}},{"start":{"line":15,"column":4},"end":{"line":19,"column":5}}],"line":15},"2":{"loc":{"start":{"line":16,"column":13},"end":{"line":16,"column":76}},"type":"cond-expr","locations":[{"start":{"line":16,"column":64},"end":{"line":16,"column":68}},{"start":{"line":16,"column":71},"end":{"line":16,"column":76}}],"line":16},"3":{"loc":{"start":{"line":17,"column":11},"end":{"line":19,"column":5}},"type":"if","locations":[{"start":{"line":17,"column":11},"end":{"line":19,"column":5}},{"start":{"line":17,"column":11},"end":{"line":19,"column":5}}],"line":17},"4":{"loc":{"start":{"line":18,"column":13},"end":{"line":18,"column":75}},"type":"cond-expr","locations":[{"start":{"line":18,"column":63},"end":{"line":18,"column":67}},{"start":{"line":18,"column":70},"end":{"line":18,"column":75}}],"line":18},"5":{"loc":{"start":{"line":33,"column":4},"end":{"line":36,"column":5}},"type":"if","locations":[{"start":{"line":33,"column":4},"end":{"line":36,"column":5}},{"start":{"line":33,"column":4},"end":{"line":36,"column":5}}],"line":33},"6":{"loc":{"start":{"line":55,"column":2},"end":{"line":68,"column":3}},"type":"if","locations":[{"start":{"line":55,"column":2},"end":{"line":68,"column":3}},{"start":{"line":55,"column":2},"end":{"line":68,"column":3}}],"line":55}},"s":{"0":3,"1":9,"2":9,"3":9,"4":27,"5":18,"6":0,"7":18,"8":9,"9":9,"10":9,"11":9,"12":27,"13":9,"14":9,"15":27,"16":17,"17":17,"18":10,"19":9,"20":9,"21":9,"22":9,"23":3,"24":2,"25":2,"26":2,"27":1,"28":1},"f":{"0":9,"1":27,"2":18,"3":27,"4":9,"5":27,"6":9,"7":2,"8":2},"b":{"0":[0,18],"1":[9,9],"2":[6,3],"3":[9,0],"4":[2,7],"5":[17,10],"6":[1,1]},"_coverageSchema":"332fd63041d2c1bcb487cc26dd0d5f7d97098a6c","hash":"d8e61caaff2fe2ec610ee977f2f2fe78f1b9a237"}
,"/Users/philberryman/workspace/totally-money/client/src/lib/fetch.js": {"path":"/Users/philberryman/workspace/totally-money/client/src/lib/fetch.js","statementMap":{"0":{"start":{"line":1,"column":40},"end":{"line":18,"column":51}},"1":{"start":{"line":6,"column":2},"end":{"line":18,"column":51}},"2":{"start":{"line":17,"column":17},"end":{"line":17,"column":27}},"3":{"start":{"line":18,"column":20},"end":{"line":18,"column":50}}},"fnMap":{"0":{"name":"(anonymous_0)","decl":{"start":{"line":1,"column":40},"end":{"line":1,"column":41}},"loc":{"start":{"line":6,"column":2},"end":{"line":18,"column":51}},"line":6},"1":{"name":"(anonymous_1)","decl":{"start":{"line":17,"column":10},"end":{"line":17,"column":11}},"loc":{"start":{"line":17,"column":17},"end":{"line":17,"column":27}},"line":17},"2":{"name":"(anonymous_2)","decl":{"start":{"line":18,"column":11},"end":{"line":18,"column":12}},"loc":{"start":{"line":18,"column":20},"end":{"line":18,"column":50}},"line":18}},"branchMap":{},"s":{"0":2,"1":0,"2":0,"3":0},"f":{"0":0,"1":0,"2":0},"b":{},"_coverageSchema":"332fd63041d2c1bcb487cc26dd0d5f7d97098a6c","hash":"0896423830435797c381b90ec415006ec51497f6"}
,"/Users/philberryman/workspace/totally-money/client/src/styles/styles.js": {"path":"/Users/philberryman/workspace/totally-money/client/src/styles/styles.js","statementMap":{"0":{"start":{"line":4,"column":23},"end":{"line":11,"column":1}},"1":{"start":{"line":13,"column":23},"end":{"line":20,"column":1}},"2":{"start":{"line":22,"column":22},"end":{"line":29,"column":1}},"3":{"start":{"line":31,"column":24},"end":{"line":38,"column":1}},"4":{"start":{"line":40,"column":27},"end":{"line":45,"column":1}},"5":{"start":{"line":47,"column":29},"end":{"line":51,"column":1}},"6":{"start":{"line":53,"column":26},"end":{"line":57,"column":1}},"7":{"start":{"line":59,"column":27},"end":{"line":65,"column":1}},"8":{"start":{"line":63,"column":26},"end":{"line":63,"column":61}},"9":{"start":{"line":64,"column":21},"end":{"line":64,"column":56}},"10":{"start":{"line":67,"column":21},"end":{"line":73,"column":1}},"11":{"start":{"line":75,"column":22},"end":{"line":78,"column":1}},"12":{"start":{"line":77,"column":26},"end":{"line":77,"column":61}},"13":{"start":{"line":80,"column":21},"end":{"line":86,"column":1}},"14":{"start":{"line":88,"column":25},"end":{"line":94,"column":1}},"15":{"start":{"line":96,"column":22},"end":{"line":101,"column":1}},"16":{"start":{"line":103,"column":28},"end":{"line":106,"column":1}},"17":{"start":{"line":108,"column":33},"end":{"line":110,"column":2}},"18":{"start":{"line":112,"column":24},"end":{"line":115,"column":2}},"19":{"start":{"line":117,"column":21},"end":{"line":123,"column":1}},"20":{"start":{"line":125,"column":20},"end":{"line":134,"column":1}},"21":{"start":{"line":130,"column":26},"end":{"line":130,"column":63}},"22":{"start":{"line":136,"column":24},"end":{"line":143,"column":1}},"23":{"start":{"line":145,"column":27},"end":{"line":147,"column":1}},"24":{"start":{"line":149,"column":24},"end":{"line":158,"column":1}},"25":{"start":{"line":160,"column":25},"end":{"line":162,"column":1}},"26":{"start":{"line":164,"column":24},"end":{"line":166,"column":1}},"27":{"start":{"line":168,"column":31},"end":{"line":171,"column":1}}},"fnMap":{"0":{"name":"(anonymous_0)","decl":{"start":{"line":63,"column":16},"end":{"line":63,"column":17}},"loc":{"start":{"line":63,"column":26},"end":{"line":63,"column":61}},"line":63},"1":{"name":"(anonymous_1)","decl":{"start":{"line":64,"column":11},"end":{"line":64,"column":12}},"loc":{"start":{"line":64,"column":21},"end":{"line":64,"column":56}},"line":64},"2":{"name":"(anonymous_2)","decl":{"start":{"line":77,"column":16},"end":{"line":77,"column":17}},"loc":{"start":{"line":77,"column":26},"end":{"line":77,"column":61}},"line":77},"3":{"name":"(anonymous_3)","decl":{"start":{"line":130,"column":16},"end":{"line":130,"column":17}},"loc":{"start":{"line":130,"column":26},"end":{"line":130,"column":63}},"line":130}},"branchMap":{"0":{"loc":{"start":{"line":63,"column":26},"end":{"line":63,"column":61}},"type":"cond-expr","locations":[{"start":{"line":63,"column":40},"end":{"line":63,"column":49}},{"start":{"line":63,"column":52},"end":{"line":63,"column":61}}],"line":63},"1":{"loc":{"start":{"line":64,"column":21},"end":{"line":64,"column":56}},"type":"cond-expr","locations":[{"start":{"line":64,"column":35},"end":{"line":64,"column":44}},{"start":{"line":64,"column":47},"end":{"line":64,"column":56}}],"line":64},"2":{"loc":{"start":{"line":77,"column":26},"end":{"line":77,"column":61}},"type":"cond-expr","locations":[{"start":{"line":77,"column":40},"end":{"line":77,"column":49}},{"start":{"line":77,"column":52},"end":{"line":77,"column":61}}],"line":77},"3":{"loc":{"start":{"line":130,"column":26},"end":{"line":130,"column":63}},"type":"cond-expr","locations":[{"start":{"line":130,"column":42},"end":{"line":130,"column":51}},{"start":{"line":130,"column":54},"end":{"line":130,"column":63}}],"line":130}},"s":{"0":3,"1":3,"2":3,"3":3,"4":3,"5":3,"6":3,"7":3,"8":51,"9":51,"10":3,"11":3,"12":21,"13":3,"14":3,"15":3,"16":3,"17":3,"18":3,"19":3,"20":3,"21":13,"22":3,"23":3,"24":3,"25":3,"26":3,"27":3},"f":{"0":51,"1":51,"2":21,"3":13},"b":{"0":[0,51],"1":[0,51],"2":[0,21],"3":[4,9]},"_coverageSchema":"332fd63041d2c1bcb487cc26dd0d5f7d97098a6c","hash":"44081165281c79261e8eacc11024b01902a4f5c4"}
}
