{"/Users/philberryman/workspace/totally-money/client/src/components/App.js": {"path":"/Users/philberryman/workspace/totally-money/client/src/components/App.js","statementMap":{"0":{"start":{"line":12,"column":19},"end":{"line":69,"column":1}},"1":{"start":{"line":13,"column":42},"end":{"line":13,"column":54}},"2":{"start":{"line":14,"column":66},"end":{"line":14,"column":78}},"3":{"start":{"line":15,"column":34},"end":{"line":15,"column":44}},"4":{"start":{"line":17,"column":26},"end":{"line":23,"column":3}},"5":{"start":{"line":18,"column":4},"end":{"line":22,"column":46}},"6":{"start":{"line":22,"column":23},"end":{"line":22,"column":44}},"7":{"start":{"line":25,"column":2},"end":{"line":68,"column":4}},"8":{"start":{"line":34,"column":16},"end":{"line":38,"column":18}},"9":{"start":{"line":44,"column":16},"end":{"line":48,"column":18}},"10":{"start":{"line":53,"column":31},"end":{"line":53,"column":74}},"11":{"start":{"line":58,"column":16},"end":{"line":61,"column":18}}},"fnMap":{"0":{"name":"(anonymous_0)","decl":{"start":{"line":12,"column":19},"end":{"line":12,"column":20}},"loc":{"start":{"line":12,"column":25},"end":{"line":69,"column":1}},"line":12},"1":{"name":"(anonymous_1)","decl":{"start":{"line":17,"column":26},"end":{"line":17,"column":27}},"loc":{"start":{"line":17,"column":49},"end":{"line":23,"column":3}},"line":17},"2":{"name":"(anonymous_2)","decl":{"start":{"line":22,"column":11},"end":{"line":22,"column":12}},"loc":{"start":{"line":22,"column":23},"end":{"line":22,"column":44}},"line":22},"3":{"name":"(anonymous_3)","decl":{"start":{"line":33,"column":22},"end":{"line":33,"column":23}},"loc":{"start":{"line":34,"column":16},"end":{"line":38,"column":18}},"line":34},"4":{"name":"(anonymous_4)","decl":{"start":{"line":43,"column":22},"end":{"line":43,"column":23}},"loc":{"start":{"line":44,"column":16},"end":{"line":48,"column":18}},"line":44},"5":{"name":"(anonymous_5)","decl":{"start":{"line":53,"column":22},"end":{"line":53,"column":23}},"loc":{"start":{"line":53,"column":31},"end":{"line":53,"column":74}},"line":53},"6":{"name":"(anonymous_6)","decl":{"start":{"line":57,"column":22},"end":{"line":57,"column":23}},"loc":{"start":{"line":58,"column":16},"end":{"line":61,"column":18}},"line":58}},"branchMap":{},"s":{"0":2,"1":6,"2":6,"3":6,"4":6,"5":0,"6":0,"7":6,"8":2,"9":1,"10":0,"11":5},"f":{"0":6,"1":0,"2":0,"3":2,"4":1,"5":0,"6":5},"b":{},"_coverageSchema":"332fd63041d2c1bcb487cc26dd0d5f7d97098a6c","hash":"f01a0cb6df9306f2fa4752360b1a5575857145ac"}
,"/Users/philberryman/workspace/totally-money/client/src/components/AvailableCards.js": {"path":"/Users/philberryman/workspace/totally-money/client/src/components/AvailableCards.js","statementMap":{"0":{"start":{"line":13,"column":30},"end":{"line":71,"column":1}},"1":{"start":{"line":18,"column":16},"end":{"line":18,"column":59}},"2":{"start":{"line":19,"column":22},"end":{"line":22,"column":3}},"3":{"start":{"line":20,"column":30},"end":{"line":20,"column":67}},"4":{"start":{"line":23,"column":28},"end":{"line":26,"column":3}},"5":{"start":{"line":24,"column":4},"end":{"line":24,"column":26}},"6":{"start":{"line":25,"column":4},"end":{"line":25,"column":35}},"7":{"start":{"line":28,"column":2},"end":{"line":70,"column":4}},"8":{"start":{"line":40,"column":31},"end":{"line":40,"column":48}},"9":{"start":{"line":45,"column":8},"end":{"line":67,"column":15}},"10":{"start":{"line":64,"column":33},"end":{"line":64,"column":56}}},"fnMap":{"0":{"name":"(anonymous_0)","decl":{"start":{"line":13,"column":30},"end":{"line":13,"column":31}},"loc":{"start":{"line":17,"column":6},"end":{"line":71,"column":1}},"line":17},"1":{"name":"(anonymous_1)","decl":{"start":{"line":20,"column":4},"end":{"line":20,"column":5}},"loc":{"start":{"line":20,"column":30},"end":{"line":20,"column":67}},"line":20},"2":{"name":"(anonymous_2)","decl":{"start":{"line":23,"column":28},"end":{"line":23,"column":29}},"loc":{"start":{"line":23,"column":36},"end":{"line":26,"column":3}},"line":23},"3":{"name":"(anonymous_3)","decl":{"start":{"line":40,"column":25},"end":{"line":40,"column":26}},"loc":{"start":{"line":40,"column":31},"end":{"line":40,"column":48}},"line":40},"4":{"name":"(anonymous_4)","decl":{"start":{"line":44,"column":17},"end":{"line":44,"column":18}},"loc":{"start":{"line":45,"column":8},"end":{"line":67,"column":15}},"line":45},"5":{"name":"(anonymous_5)","decl":{"start":{"line":64,"column":27},"end":{"line":64,"column":28}},"loc":{"start":{"line":64,"column":33},"end":{"line":64,"column":56}},"line":64}},"branchMap":{},"s":{"0":2,"1":2,"2":2,"3":4,"4":2,"5":1,"6":1,"7":2,"8":0,"9":4,"10":1},"f":{"0":2,"1":4,"2":1,"3":0,"4":4,"5":1},"b":{},"_coverageSchema":"332fd63041d2c1bcb487cc26dd0d5f7d97098a6c","hash":"21a4afd188e611e148b3bd9889fe3f3108bf6667"}
,"/Users/philberryman/workspace/totally-money/client/src/components/Decision.js": {"path":"/Users/philberryman/workspace/totally-money/client/src/components/Decision.js","statementMap":{"0":{"start":{"line":5,"column":24},"end":{"line":32,"column":1}},"1":{"start":{"line":6,"column":2},"end":{"line":31,"column":3}},"2":{"start":{"line":7,"column":4},"end":{"line":28,"column":6}},"3":{"start":{"line":30,"column":4},"end":{"line":30,"column":16}}},"fnMap":{"0":{"name":"(anonymous_0)","decl":{"start":{"line":5,"column":24},"end":{"line":5,"column":25}},"loc":{"start":{"line":5,"column":42},"end":{"line":32,"column":1}},"line":5}},"branchMap":{"0":{"loc":{"start":{"line":6,"column":2},"end":{"line":31,"column":3}},"type":"if","locations":[{"start":{"line":6,"column":2},"end":{"line":31,"column":3}},{"start":{"line":6,"column":2},"end":{"line":31,"column":3}}],"line":6},"1":{"loc":{"start":{"line":9,"column":9},"end":{"line":17,"column":9}},"type":"binary-expr","locations":[{"start":{"line":9,"column":9},"end":{"line":9,"column":39}},{"start":{"line":10,"column":10},"end":{"line":16,"column":13}}],"line":9},"2":{"loc":{"start":{"line":19,"column":9},"end":{"line":26,"column":9}},"type":"binary-expr","locations":[{"start":{"line":19,"column":9},"end":{"line":19,"column":39}},{"start":{"line":20,"column":10},"end":{"line":25,"column":13}}],"line":19}},"s":{"0":2,"1":0,"2":0,"3":0},"f":{"0":0},"b":{"0":[0,0],"1":[0,0],"2":[0,0]},"_coverageSchema":"332fd63041d2c1bcb487cc26dd0d5f7d97098a6c","hash":"72524a8cc632c9fa08d91e3e32e016b411887341"}
,"/Users/philberryman/workspace/totally-money/client/src/components/QualificationForm.js": {"path":"/Users/philberryman/workspace/totally-money/client/src/components/QualificationForm.js","statementMap":{"0":{"start":{"line":19,"column":15},"end":{"line":25,"column":2}},"1":{"start":{"line":27,"column":17},"end":{"line":27,"column":57}},"2":{"start":{"line":27,"column":28},"end":{"line":27,"column":57}},"3":{"start":{"line":29,"column":33},"end":{"line":118,"column":1}},"4":{"start":{"line":30,"column":2},"end":{"line":117,"column":4}},"5":{"start":{"line":52,"column":12},"end":{"line":52,"column":48}},"6":{"start":{"line":53,"column":12},"end":{"line":53,"column":41}},"7":{"start":{"line":56,"column":12},"end":{"line":112,"column":19}},"8":{"start":{"line":106,"column":34},"end":{"line":106,"column":44}}},"fnMap":{"0":{"name":"(anonymous_0)","decl":{"start":{"line":27,"column":17},"end":{"line":27,"column":18}},"loc":{"start":{"line":27,"column":28},"end":{"line":27,"column":57}},"line":27},"1":{"name":"(anonymous_1)","decl":{"start":{"line":29,"column":33},"end":{"line":29,"column":34}},"loc":{"start":{"line":29,"column":79},"end":{"line":118,"column":1}},"line":29},"2":{"name":"(anonymous_2)","decl":{"start":{"line":51,"column":20},"end":{"line":51,"column":21}},"loc":{"start":{"line":51,"column":30},"end":{"line":54,"column":11}},"line":51},"3":{"name":"(anonymous_3)","decl":{"start":{"line":55,"column":18},"end":{"line":55,"column":19}},"loc":{"start":{"line":56,"column":12},"end":{"line":112,"column":19}},"line":56},"4":{"name":"(anonymous_4)","decl":{"start":{"line":106,"column":28},"end":{"line":106,"column":29}},"loc":{"start":{"line":106,"column":34},"end":{"line":106,"column":44}},"line":106}},"branchMap":{"0":{"loc":{"start":{"line":96,"column":27},"end":{"line":96,"column":70}},"type":"binary-expr","locations":[{"start":{"line":96,"column":27},"end":{"line":96,"column":46}},{"start":{"line":96,"column":50},"end":{"line":96,"column":70}}],"line":96},"1":{"loc":{"start":{"line":99,"column":21},"end":{"line":101,"column":28}},"type":"cond-expr","locations":[{"start":{"line":100,"column":24},"end":{"line":100,"column":43}},{"start":{"line":101,"column":24},"end":{"line":101,"column":28}}],"line":99},"2":{"loc":{"start":{"line":99,"column":21},"end":{"line":99,"column":64}},"type":"binary-expr","locations":[{"start":{"line":99,"column":21},"end":{"line":99,"column":40}},{"start":{"line":99,"column":44},"end":{"line":99,"column":64}}],"line":99}},"s":{"0":2,"1":2,"2":0,"3":2,"4":5,"5":2,"6":2,"7":13,"8":0},"f":{"0":0,"1":5,"2":2,"3":13,"4":0},"b":{"0":[13,0],"1":[0,13],"2":[13,0]},"_coverageSchema":"332fd63041d2c1bcb487cc26dd0d5f7d97098a6c","hash":"f77150fe16642be3efdf55549f1414b1c41b691e"}
,"/Users/philberryman/workspace/totally-money/client/src/components/SelectedCard.js": {"path":"/Users/philberryman/workspace/totally-money/client/src/components/SelectedCard.js","statementMap":{"0":{"start":{"line":22,"column":22},"end":{"line":22,"column":90}},"1":{"start":{"line":23,"column":25},"end":{"line":23,"column":350}},"2":{"start":{"line":25,"column":15},"end":{"line":48,"column":2}},"3":{"start":{"line":50,"column":17},"end":{"line":50,"column":57}},"4":{"start":{"line":50,"column":28},"end":{"line":50,"column":57}},"5":{"start":{"line":52,"column":28},"end":{"line":206,"column":1}},"6":{"start":{"line":58,"column":2},"end":{"line":205,"column":4}},"7":{"start":{"line":95,"column":12},"end":{"line":95,"column":36}},"8":{"start":{"line":96,"column":12},"end":{"line":96,"column":38}},"9":{"start":{"line":99,"column":12},"end":{"line":200,"column":19}},"10":{"start":{"line":194,"column":34},"end":{"line":194,"column":44}}},"fnMap":{"0":{"name":"(anonymous_0)","decl":{"start":{"line":50,"column":17},"end":{"line":50,"column":18}},"loc":{"start":{"line":50,"column":28},"end":{"line":50,"column":57}},"line":50},"1":{"name":"(anonymous_1)","decl":{"start":{"line":52,"column":28},"end":{"line":52,"column":29}},"loc":{"start":{"line":57,"column":6},"end":{"line":206,"column":1}},"line":57},"2":{"name":"(anonymous_2)","decl":{"start":{"line":94,"column":20},"end":{"line":94,"column":21}},"loc":{"start":{"line":94,"column":30},"end":{"line":97,"column":11}},"line":94},"3":{"name":"(anonymous_3)","decl":{"start":{"line":98,"column":18},"end":{"line":98,"column":19}},"loc":{"start":{"line":99,"column":12},"end":{"line":200,"column":19}},"line":99},"4":{"name":"(anonymous_4)","decl":{"start":{"line":194,"column":28},"end":{"line":194,"column":29}},"loc":{"start":{"line":194,"column":34},"end":{"line":194,"column":44}},"line":194}},"branchMap":{"0":{"loc":{"start":{"line":111,"column":27},"end":{"line":111,"column":56}},"type":"binary-expr","locations":[{"start":{"line":111,"column":27},"end":{"line":111,"column":39}},{"start":{"line":111,"column":43},"end":{"line":111,"column":56}}],"line":111},"1":{"loc":{"start":{"line":114,"column":21},"end":{"line":114,"column":72}},"type":"cond-expr","locations":[{"start":{"line":114,"column":53},"end":{"line":114,"column":65}},{"start":{"line":114,"column":68},"end":{"line":114,"column":72}}],"line":114},"2":{"loc":{"start":{"line":114,"column":21},"end":{"line":114,"column":50}},"type":"binary-expr","locations":[{"start":{"line":114,"column":21},"end":{"line":114,"column":33}},{"start":{"line":114,"column":37},"end":{"line":114,"column":50}}],"line":114},"3":{"loc":{"start":{"line":128,"column":27},"end":{"line":128,"column":54}},"type":"binary-expr","locations":[{"start":{"line":128,"column":27},"end":{"line":128,"column":38}},{"start":{"line":128,"column":42},"end":{"line":128,"column":54}}],"line":128},"4":{"loc":{"start":{"line":131,"column":21},"end":{"line":131,"column":69}},"type":"cond-expr","locations":[{"start":{"line":131,"column":51},"end":{"line":131,"column":62}},{"start":{"line":131,"column":65},"end":{"line":131,"column":69}}],"line":131},"5":{"loc":{"start":{"line":131,"column":21},"end":{"line":131,"column":48}},"type":"binary-expr","locations":[{"start":{"line":131,"column":21},"end":{"line":131,"column":32}},{"start":{"line":131,"column":36},"end":{"line":131,"column":48}}],"line":131},"6":{"loc":{"start":{"line":145,"column":27},"end":{"line":145,"column":68}},"type":"binary-expr","locations":[{"start":{"line":145,"column":27},"end":{"line":145,"column":45}},{"start":{"line":145,"column":49},"end":{"line":145,"column":68}}],"line":145},"7":{"loc":{"start":{"line":148,"column":21},"end":{"line":150,"column":28}},"type":"cond-expr","locations":[{"start":{"line":149,"column":24},"end":{"line":149,"column":42}},{"start":{"line":150,"column":24},"end":{"line":150,"column":28}}],"line":148},"8":{"loc":{"start":{"line":148,"column":21},"end":{"line":148,"column":62}},"type":"binary-expr","locations":[{"start":{"line":148,"column":21},"end":{"line":148,"column":39}},{"start":{"line":148,"column":43},"end":{"line":148,"column":62}}],"line":148},"9":{"loc":{"start":{"line":164,"column":27},"end":{"line":164,"column":62}},"type":"binary-expr","locations":[{"start":{"line":164,"column":27},"end":{"line":164,"column":42}},{"start":{"line":164,"column":46},"end":{"line":164,"column":62}}],"line":164},"10":{"loc":{"start":{"line":167,"column":21},"end":{"line":169,"column":28}},"type":"cond-expr","locations":[{"start":{"line":168,"column":24},"end":{"line":168,"column":39}},{"start":{"line":169,"column":24},"end":{"line":169,"column":28}}],"line":167},"11":{"loc":{"start":{"line":167,"column":21},"end":{"line":167,"column":56}},"type":"binary-expr","locations":[{"start":{"line":167,"column":21},"end":{"line":167,"column":36}},{"start":{"line":167,"column":40},"end":{"line":167,"column":56}}],"line":167},"12":{"loc":{"start":{"line":183,"column":27},"end":{"line":183,"column":68}},"type":"binary-expr","locations":[{"start":{"line":183,"column":27},"end":{"line":183,"column":45}},{"start":{"line":183,"column":49},"end":{"line":183,"column":68}}],"line":183},"13":{"loc":{"start":{"line":186,"column":21},"end":{"line":188,"column":28}},"type":"cond-expr","locations":[{"start":{"line":187,"column":24},"end":{"line":187,"column":42}},{"start":{"line":188,"column":24},"end":{"line":188,"column":28}}],"line":186},"14":{"loc":{"start":{"line":186,"column":21},"end":{"line":186,"column":62}},"type":"binary-expr","locations":[{"start":{"line":186,"column":21},"end":{"line":186,"column":39}},{"start":{"line":186,"column":43},"end":{"line":186,"column":62}}],"line":186}},"s":{"0":2,"1":2,"2":2,"3":2,"4":0,"5":2,"6":1,"7":0,"8":0,"9":7,"10":0},"f":{"0":0,"1":1,"2":0,"3":7,"4":0},"b":{"0":[7,0],"1":[0,7],"2":[7,0],"3":[7,0],"4":[0,7],"5":[7,0],"6":[7,0],"7":[0,7],"8":[7,0],"9":[7,0],"10":[0,7],"11":[7,0],"12":[7,0],"13":[0,7],"14":[7,0]},"_coverageSchema":"332fd63041d2c1bcb487cc26dd0d5f7d97098a6c","hash":"85caf9b0888a52b12d1b93c6e1a102ace3ad2f61"}
,"/Users/philberryman/workspace/totally-money/client/src/lib/appData.js": {"path":"/Users/philberryman/workspace/totally-money/client/src/lib/appData.js","statementMap":{"0":{"start":{"line":1,"column":29},"end":{"line":45,"column":1}},"1":{"start":{"line":47,"column":26},"end":{"line":78,"column":1}}},"fnMap":{},"branchMap":{},"s":{"0":3,"1":3},"f":{},"b":{},"_coverageSchema":"332fd63041d2c1bcb487cc26dd0d5f7d97098a6c","hash":"b2fa45d490dd89e693a3d4e604a6d019734d476c"}
,"/Users/philberryman/workspace/totally-money/client/src/lib/cards.js": {"path":"/Users/philberryman/workspace/totally-money/client/src/lib/cards.js","statementMap":{"0":{"start":{"line":5,"column":33},"end":{"line":47,"column":1}},"1":{"start":{"line":6,"column":16},"end":{"line":6,"column":39}},"2":{"start":{"line":7,"column":22},"end":{"line":7,"column":43}},"3":{"start":{"line":11,"column":26},"end":{"line":23,"column":3}},"4":{"start":{"line":11,"column":36},"end":{"line":23,"column":3}},"5":{"start":{"line":12,"column":4},"end":{"line":14,"column":5}},"6":{"start":{"line":13,"column":6},"end":{"line":13,"column":19}},"7":{"start":{"line":15,"column":4},"end":{"line":19,"column":5}},"8":{"start":{"line":16,"column":6},"end":{"line":16,"column":77}},"9":{"start":{"line":17,"column":11},"end":{"line":19,"column":5}},"10":{"start":{"line":18,"column":6},"end":{"line":18,"column":76}},"11":{"start":{"line":27,"column":26},"end":{"line":28,"column":55}},"12":{"start":{"line":28,"column":4},"end":{"line":28,"column":55}},"13":{"start":{"line":32,"column":37},"end":{"line":38,"column":3}},"14":{"start":{"line":32,"column":47},"end":{"line":38,"column":3}},"15":{"start":{"line":33,"column":4},"end":{"line":36,"column":5}},"16":{"start":{"line":34,"column":6},"end":{"line":34,"column":29}},"17":{"start":{"line":35,"column":6},"end":{"line":35,"column":25}},"18":{"start":{"line":37,"column":4},"end":{"line":37,"column":23}},"19":{"start":{"line":42,"column":25},"end":{"line":43,"column":62}},"20":{"start":{"line":43,"column":4},"end":{"line":43,"column":62}},"21":{"start":{"line":45,"column":16},"end":{"line":45,"column":38}},"22":{"start":{"line":46,"column":2},"end":{"line":46,"column":15}},"23":{"start":{"line":49,"column":32},"end":{"line":70,"column":1}},"24":{"start":{"line":55,"column":25},"end":{"line":55,"column":68}},"25":{"start":{"line":56,"column":2},"end":{"line":69,"column":3}},"26":{"start":{"line":56,"column":34},"end":{"line":56,"column":65}},"27":{"start":{"line":58,"column":4},"end":{"line":62,"column":6}},"28":{"start":{"line":64,"column":4},"end":{"line":68,"column":6}}},"fnMap":{"0":{"name":"(anonymous_0)","decl":{"start":{"line":5,"column":33},"end":{"line":5,"column":34}},"loc":{"start":{"line":5,"column":43},"end":{"line":47,"column":1}},"line":5},"1":{"name":"(anonymous_1)","decl":{"start":{"line":11,"column":26},"end":{"line":11,"column":27}},"loc":{"start":{"line":11,"column":36},"end":{"line":23,"column":3}},"line":11},"2":{"name":"(anonymous_2)","decl":{"start":{"line":11,"column":36},"end":{"line":11,"column":37}},"loc":{"start":{"line":11,"column":67},"end":{"line":23,"column":3}},"line":11},"3":{"name":"(anonymous_3)","decl":{"start":{"line":27,"column":26},"end":{"line":27,"column":27}},"loc":{"start":{"line":28,"column":4},"end":{"line":28,"column":55}},"line":28},"4":{"name":"(anonymous_4)","decl":{"start":{"line":32,"column":37},"end":{"line":32,"column":38}},"loc":{"start":{"line":32,"column":47},"end":{"line":38,"column":3}},"line":32},"5":{"name":"(anonymous_5)","decl":{"start":{"line":32,"column":47},"end":{"line":32,"column":48}},"loc":{"start":{"line":32,"column":70},"end":{"line":38,"column":3}},"line":32},"6":{"name":"(anonymous_6)","decl":{"start":{"line":42,"column":25},"end":{"line":42,"column":26}},"loc":{"start":{"line":43,"column":4},"end":{"line":43,"column":62}},"line":43},"7":{"name":"(anonymous_7)","decl":{"start":{"line":49,"column":32},"end":{"line":49,"column":33}},"loc":{"start":{"line":53,"column":5},"end":{"line":70,"column":1}},"line":53},"8":{"name":"(anonymous_8)","decl":{"start":{"line":56,"column":26},"end":{"line":56,"column":27}},"loc":{"start":{"line":56,"column":34},"end":{"line":56,"column":65}},"line":56}},"branchMap":{"0":{"loc":{"start":{"line":12,"column":4},"end":{"line":14,"column":5}},"type":"if","locations":[{"start":{"line":12,"column":4},"end":{"line":14,"column":5}},{"start":{"line":12,"column":4},"end":{"line":14,"column":5}}],"line":12},"1":{"loc":{"start":{"line":15,"column":4},"end":{"line":19,"column":5}},"type":"if","locations":[{"start":{"line":15,"column":4},"end":{"line":19,"column":5}},{"start":{"line":15,"column":4},"end":{"line":19,"column":5}}],"line":15},"2":{"loc":{"start":{"line":16,"column":13},"end":{"line":16,"column":76}},"type":"cond-expr","locations":[{"start":{"line":16,"column":64},"end":{"line":16,"column":68}},{"start":{"line":16,"column":71},"end":{"line":16,"column":76}}],"line":16},"3":{"loc":{"start":{"line":17,"column":11},"end":{"line":19,"column":5}},"type":"if","locations":[{"start":{"line":17,"column":11},"end":{"line":19,"column":5}},{"start":{"line":17,"column":11},"end":{"line":19,"column":5}}],"line":17},"4":{"loc":{"start":{"line":18,"column":13},"end":{"line":18,"column":75}},"type":"cond-expr","locations":[{"start":{"line":18,"column":63},"end":{"line":18,"column":67}},{"start":{"line":18,"column":70},"end":{"line":18,"column":75}}],"line":18},"5":{"loc":{"start":{"line":33,"column":4},"end":{"line":36,"column":5}},"type":"if","locations":[{"start":{"line":33,"column":4},"end":{"line":36,"column":5}},{"start":{"line":33,"column":4},"end":{"line":36,"column":5}}],"line":33},"6":{"loc":{"start":{"line":56,"column":2},"end":{"line":69,"column":3}},"type":"if","locations":[{"start":{"line":56,"column":2},"end":{"line":69,"column":3}},{"start":{"line":56,"column":2},"end":{"line":69,"column":3}}],"line":56}},"s":{"0":3,"1":7,"2":7,"3":7,"4":21,"5":14,"6":0,"7":14,"8":7,"9":7,"10":7,"11":7,"12":21,"13":7,"14":7,"15":21,"16":13,"17":13,"18":8,"19":7,"20":7,"21":7,"22":7,"23":3,"24":2,"25":2,"26":2,"27":1,"28":1},"f":{"0":7,"1":21,"2":14,"3":21,"4":7,"5":21,"6":7,"7":2,"8":2},"b":{"0":[0,14],"1":[7,7],"2":[4,3],"3":[7,0],"4":[2,5],"5":[13,8],"6":[1,1]},"_coverageSchema":"332fd63041d2c1bcb487cc26dd0d5f7d97098a6c","hash":"7d5231146bb241cdcca50e1335abb5230485e1a8"}
,"/Users/philberryman/workspace/totally-money/client/src/lib/fetch.js": {"path":"/Users/philberryman/workspace/totally-money/client/src/lib/fetch.js","statementMap":{"0":{"start":{"line":1,"column":40},"end":{"line":18,"column":51}},"1":{"start":{"line":6,"column":2},"end":{"line":18,"column":51}},"2":{"start":{"line":17,"column":17},"end":{"line":17,"column":27}},"3":{"start":{"line":18,"column":20},"end":{"line":18,"column":50}}},"fnMap":{"0":{"name":"(anonymous_0)","decl":{"start":{"line":1,"column":40},"end":{"line":1,"column":41}},"loc":{"start":{"line":6,"column":2},"end":{"line":18,"column":51}},"line":6},"1":{"name":"(anonymous_1)","decl":{"start":{"line":17,"column":10},"end":{"line":17,"column":11}},"loc":{"start":{"line":17,"column":17},"end":{"line":17,"column":27}},"line":17},"2":{"name":"(anonymous_2)","decl":{"start":{"line":18,"column":11},"end":{"line":18,"column":12}},"loc":{"start":{"line":18,"column":20},"end":{"line":18,"column":50}},"line":18}},"branchMap":{},"s":{"0":2,"1":0,"2":0,"3":0},"f":{"0":0,"1":0,"2":0},"b":{},"_coverageSchema":"332fd63041d2c1bcb487cc26dd0d5f7d97098a6c","hash":"0896423830435797c381b90ec415006ec51497f6"}
,"/Users/philberryman/workspace/totally-money/client/src/styles/styles.js": {"path":"/Users/philberryman/workspace/totally-money/client/src/styles/styles.js","statementMap":{"0":{"start":{"line":3,"column":23},"end":{"line":10,"column":1}},"1":{"start":{"line":12,"column":23},"end":{"line":19,"column":1}},"2":{"start":{"line":21,"column":22},"end":{"line":28,"column":1}},"3":{"start":{"line":30,"column":24},"end":{"line":37,"column":1}},"4":{"start":{"line":39,"column":27},"end":{"line":44,"column":1}},"5":{"start":{"line":46,"column":29},"end":{"line":50,"column":1}},"6":{"start":{"line":52,"column":26},"end":{"line":56,"column":1}},"7":{"start":{"line":58,"column":27},"end":{"line":64,"column":1}},"8":{"start":{"line":62,"column":26},"end":{"line":62,"column":61}},"9":{"start":{"line":63,"column":21},"end":{"line":63,"column":56}},"10":{"start":{"line":66,"column":21},"end":{"line":72,"column":1}},"11":{"start":{"line":74,"column":22},"end":{"line":77,"column":1}},"12":{"start":{"line":76,"column":26},"end":{"line":76,"column":61}},"13":{"start":{"line":79,"column":21},"end":{"line":85,"column":1}},"14":{"start":{"line":87,"column":25},"end":{"line":94,"column":1}},"15":{"start":{"line":96,"column":22},"end":{"line":101,"column":1}},"16":{"start":{"line":103,"column":28},"end":{"line":106,"column":1}},"17":{"start":{"line":108,"column":21},"end":{"line":114,"column":1}},"18":{"start":{"line":116,"column":20},"end":{"line":125,"column":1}},"19":{"start":{"line":127,"column":24},"end":{"line":134,"column":1}},"20":{"start":{"line":136,"column":27},"end":{"line":138,"column":1}},"21":{"start":{"line":140,"column":24},"end":{"line":149,"column":1}},"22":{"start":{"line":151,"column":25},"end":{"line":153,"column":1}},"23":{"start":{"line":155,"column":24},"end":{"line":157,"column":1}},"24":{"start":{"line":159,"column":31},"end":{"line":162,"column":1}}},"fnMap":{"0":{"name":"(anonymous_0)","decl":{"start":{"line":62,"column":16},"end":{"line":62,"column":17}},"loc":{"start":{"line":62,"column":26},"end":{"line":62,"column":61}},"line":62},"1":{"name":"(anonymous_1)","decl":{"start":{"line":63,"column":11},"end":{"line":63,"column":12}},"loc":{"start":{"line":63,"column":21},"end":{"line":63,"column":56}},"line":63},"2":{"name":"(anonymous_2)","decl":{"start":{"line":76,"column":16},"end":{"line":76,"column":17}},"loc":{"start":{"line":76,"column":26},"end":{"line":76,"column":61}},"line":76}},"branchMap":{"0":{"loc":{"start":{"line":62,"column":26},"end":{"line":62,"column":61}},"type":"cond-expr","locations":[{"start":{"line":62,"column":40},"end":{"line":62,"column":49}},{"start":{"line":62,"column":52},"end":{"line":62,"column":61}}],"line":62},"1":{"loc":{"start":{"line":63,"column":21},"end":{"line":63,"column":56}},"type":"cond-expr","locations":[{"start":{"line":63,"column":35},"end":{"line":63,"column":44}},{"start":{"line":63,"column":47},"end":{"line":63,"column":56}}],"line":63},"2":{"loc":{"start":{"line":76,"column":26},"end":{"line":76,"column":61}},"type":"cond-expr","locations":[{"start":{"line":76,"column":40},"end":{"line":76,"column":49}},{"start":{"line":76,"column":52},"end":{"line":76,"column":61}}],"line":76}},"s":{"0":2,"1":2,"2":2,"3":2,"4":2,"5":2,"6":2,"7":2,"8":48,"9":48,"10":2,"11":2,"12":13,"13":2,"14":2,"15":2,"16":2,"17":2,"18":2,"19":2,"20":2,"21":2,"22":2,"23":2,"24":2},"f":{"0":48,"1":48,"2":13},"b":{"0":[0,48],"1":[0,48],"2":[0,13]},"_coverageSchema":"332fd63041d2c1bcb487cc26dd0d5f7d97098a6c","hash":"eab0f04c06696a8d4603b01b850fe728ebc7115a"}
}
