TN:
SF:/Users/philberryman/workspace/totally-money/client/src/components/App.js
FN:18,(anonymous_0)
FN:23,(anonymous_1)
FN:28,(anonymous_2)
FN:37,(anonymous_3)
FN:43,(anonymous_4)
FN:54,(anonymous_5)
FN:65,(anonymous_6)
FN:75,(anonymous_7)
FNF:8
FNH:5
FNDA:6,(anonymous_0)
FNDA:0,(anonymous_1)
FNDA:0,(anonymous_2)
FNDA:9,(anonymous_3)
FNDA:4,(anonymous_4)
FNDA:1,(anonymous_5)
FNDA:0,(anonymous_6)
FNDA:9,(anonymous_7)
DA:13,2
DA:18,2
DA:19,6
DA:20,6
DA:21,6
DA:23,6
DA:24,0
DA:28,0
DA:31,6
DA:38,9
DA:44,4
DA:55,1
DA:66,0
DA:76,9
LF:14
LH:11
BRF:0
BRH:0
end_of_record
TN:
SF:/Users/philberryman/workspace/totally-money/client/src/components/AvailableCards.js
FN:15,(anonymous_0)
FN:22,(anonymous_1)
FN:25,(anonymous_2)
FN:44,(anonymous_3)
FN:50,(anonymous_4)
FN:71,(anonymous_5)
FNF:6
FNH:5
FNDA:4,(anonymous_0)
FNDA:8,(anonymous_1)
FNDA:1,(anonymous_2)
FNDA:0,(anonymous_3)
FNDA:8,(anonymous_4)
FNDA:1,(anonymous_5)
DA:15,2
DA:20,4
DA:21,4
DA:22,8
DA:25,4
DA:26,1
DA:27,1
DA:30,4
DA:44,0
DA:51,8
DA:71,1
LF:11
LH:10
BRF:0
BRH:0
end_of_record
TN:
SF:/Users/philberryman/workspace/totally-money/client/src/components/Decision.js
FN:5,(anonymous_0)
FNF:1
FNH:1
FNDA:1,(anonymous_0)
DA:5,3
DA:6,1
DA:7,1
DA:8,1
DA:31,0
LF:5
LH:4
BRDA:7,0,0,1
BRDA:7,0,1,0
BRDA:10,1,0,1
BRDA:10,1,1,1
BRDA:20,2,0,1
BRDA:20,2,1,0
BRF:6
BRH:4
end_of_record
TN:
SF:/Users/philberryman/workspace/totally-money/client/src/components/QualificationForm.js
FN:26,(anonymous_0)
FN:28,(anonymous_1)
FN:48,(anonymous_2)
FN:52,(anonymous_3)
FN:103,(anonymous_4)
FNF:5
FNH:3
FNDA:0,(anonymous_0)
FNDA:9,(anonymous_1)
FNDA:3,(anonymous_2)
FNDA:21,(anonymous_3)
FNDA:0,(anonymous_4)
DA:18,2
DA:26,2
DA:28,2
DA:29,9
DA:49,3
DA:50,3
DA:53,21
DA:103,0
LF:8
LH:7
BRDA:93,0,0,21
BRDA:93,0,1,0
BRDA:96,1,0,0
BRDA:96,1,1,21
BRDA:96,2,0,21
BRDA:96,2,1,0
BRF:6
BRH:3
end_of_record
TN:
SF:/Users/philberryman/workspace/totally-money/client/src/components/SelectedCard.js
FN:50,(anonymous_0)
FN:52,(anonymous_1)
FN:79,(anonymous_2)
FN:97,(anonymous_3)
FN:101,(anonymous_4)
FN:197,(anonymous_5)
FNF:6
FNH:2
FNDA:0,(anonymous_0)
FNDA:1,(anonymous_1)
FNDA:0,(anonymous_2)
FNDA:0,(anonymous_3)
FNDA:6,(anonymous_4)
FNDA:0,(anonymous_5)
DA:22,2
DA:23,2
DA:25,2
DA:50,2
DA:52,2
DA:58,1
DA:79,0
DA:98,0
DA:99,0
DA:102,6
DA:197,0
LF:11
LH:7
BRDA:114,0,0,6
BRDA:114,0,1,0
BRDA:117,1,0,0
BRDA:117,1,1,6
BRDA:117,2,0,6
BRDA:117,2,1,0
BRDA:131,3,0,6
BRDA:131,3,1,0
BRDA:134,4,0,0
BRDA:134,4,1,6
BRDA:134,5,0,6
BRDA:134,5,1,0
BRDA:148,6,0,6
BRDA:148,6,1,0
BRDA:151,7,0,0
BRDA:151,7,1,6
BRDA:151,8,0,6
BRDA:151,8,1,0
BRDA:167,9,0,6
BRDA:167,9,1,0
BRDA:170,10,0,0
BRDA:170,10,1,6
BRDA:170,11,0,6
BRDA:170,11,1,0
BRDA:186,12,0,6
BRDA:186,12,1,0
BRDA:189,13,0,0
BRDA:189,13,1,6
BRDA:189,14,0,6
BRDA:189,14,1,0
BRF:30
BRH:15
end_of_record
TN:
SF:/Users/philberryman/workspace/totally-money/client/src/lib/appData.js
FNF:0
FNH:0
DA:1,3
DA:47,3
LF:2
LH:2
BRF:0
BRH:0
end_of_record
TN:
SF:/Users/philberryman/workspace/totally-money/client/src/lib/cards.js
FN:5,(anonymous_0)
FN:11,(anonymous_1)
FN:11,(anonymous_2)
FN:27,(anonymous_3)
FN:32,(anonymous_4)
FN:32,(anonymous_5)
FN:42,(anonymous_6)
FN:49,(anonymous_7)
FN:55,(anonymous_8)
FNF:9
FNH:9
FNDA:9,(anonymous_0)
FNDA:27,(anonymous_1)
FNDA:18,(anonymous_2)
FNDA:27,(anonymous_3)
FNDA:9,(anonymous_4)
FNDA:27,(anonymous_5)
FNDA:9,(anonymous_6)
FNDA:2,(anonymous_7)
FNDA:2,(anonymous_8)
DA:5,3
DA:6,9
DA:7,9
DA:11,27
DA:12,18
DA:13,0
DA:15,18
DA:16,9
DA:17,9
DA:18,9
DA:27,9
DA:28,27
DA:32,9
DA:33,27
DA:34,17
DA:35,17
DA:37,10
DA:42,9
DA:43,9
DA:45,9
DA:46,9
DA:49,3
DA:54,2
DA:55,2
DA:57,1
DA:63,1
LF:26
LH:25
BRDA:12,0,0,0
BRDA:12,0,1,18
BRDA:15,1,0,9
BRDA:15,1,1,9
BRDA:16,2,0,6
BRDA:16,2,1,3
BRDA:17,3,0,9
BRDA:17,3,1,0
BRDA:18,4,0,2
BRDA:18,4,1,7
BRDA:33,5,0,17
BRDA:33,5,1,10
BRDA:55,6,0,1
BRDA:55,6,1,1
BRF:14
BRH:12
end_of_record
TN:
SF:/Users/philberryman/workspace/totally-money/client/src/lib/fetch.js
FN:1,(anonymous_0)
FN:17,(anonymous_1)
FN:18,(anonymous_2)
FNF:3
FNH:0
FNDA:0,(anonymous_0)
FNDA:0,(anonymous_1)
FNDA:0,(anonymous_2)
DA:1,2
DA:6,0
DA:17,0
DA:18,0
LF:4
LH:1
BRF:0
BRH:0
end_of_record
TN:
SF:/Users/philberryman/workspace/totally-money/client/src/styles/styles.js
FN:63,(anonymous_0)
FN:64,(anonymous_1)
FN:77,(anonymous_2)
FN:130,(anonymous_3)
FNF:4
FNH:4
FNDA:51,(anonymous_0)
FNDA:51,(anonymous_1)
FNDA:21,(anonymous_2)
FNDA:13,(anonymous_3)
DA:4,3
DA:13,3
DA:22,3
DA:31,3
DA:40,3
DA:47,3
DA:53,3
DA:59,3
DA:63,51
DA:64,51
DA:67,3
DA:75,3
DA:77,21
DA:80,3
DA:88,3
DA:96,3
DA:103,3
DA:108,3
DA:112,3
DA:117,3
DA:125,3
DA:130,13
DA:136,3
DA:145,3
DA:149,3
DA:160,3
DA:164,3
DA:168,3
LF:28
LH:28
BRDA:63,0,0,0
BRDA:63,0,1,51
BRDA:64,1,0,0
BRDA:64,1,1,51
BRDA:77,2,0,0
BRDA:77,2,1,21
BRDA:130,3,0,4
BRDA:130,3,1,9
BRF:8
BRH:5
end_of_record
