TN:
SF:/Users/philberryman/workspace/totally-money/client/src/components/App.js
FN:12,(anonymous_0)
FN:17,(anonymous_1)
FN:22,(anonymous_2)
FN:33,(anonymous_3)
FN:43,(anonymous_4)
FN:53,(anonymous_5)
FN:57,(anonymous_6)
FNF:7
FNH:4
FNDA:6,(anonymous_0)
FNDA:0,(anonymous_1)
FNDA:0,(anonymous_2)
FNDA:2,(anonymous_3)
FNDA:1,(anonymous_4)
FNDA:0,(anonymous_5)
FNDA:5,(anonymous_6)
DA:12,2
DA:13,6
DA:14,6
DA:15,6
DA:17,6
DA:18,0
DA:22,0
DA:25,6
DA:34,2
DA:44,1
DA:53,0
DA:58,5
LF:12
LH:9
BRF:0
BRH:0
end_of_record
TN:
SF:/Users/philberryman/workspace/totally-money/client/src/components/AvailableCards.js
FN:13,(anonymous_0)
FN:20,(anonymous_1)
FN:23,(anonymous_2)
FN:40,(anonymous_3)
FN:44,(anonymous_4)
FN:64,(anonymous_5)
FNF:6
FNH:5
FNDA:2,(anonymous_0)
FNDA:4,(anonymous_1)
FNDA:1,(anonymous_2)
FNDA:0,(anonymous_3)
FNDA:4,(anonymous_4)
FNDA:1,(anonymous_5)
DA:13,2
DA:18,2
DA:19,2
DA:20,4
DA:23,2
DA:24,1
DA:25,1
DA:28,2
DA:40,0
DA:45,4
DA:64,1
LF:11
LH:10
BRF:0
BRH:0
end_of_record
TN:
SF:/Users/philberryman/workspace/totally-money/client/src/components/Decision.js
FN:5,(anonymous_0)
FNF:1
FNH:0
FNDA:0,(anonymous_0)
DA:5,2
DA:6,0
DA:7,0
DA:30,0
LF:4
LH:1
BRDA:6,0,0,0
BRDA:6,0,1,0
BRDA:9,1,0,0
BRDA:9,1,1,0
BRDA:19,2,0,0
BRDA:19,2,1,0
BRF:6
BRH:0
end_of_record
TN:
SF:/Users/philberryman/workspace/totally-money/client/src/components/QualificationForm.js
FN:27,(anonymous_0)
FN:29,(anonymous_1)
FN:51,(anonymous_2)
FN:55,(anonymous_3)
FN:106,(anonymous_4)
FNF:5
FNH:3
FNDA:0,(anonymous_0)
FNDA:5,(anonymous_1)
FNDA:2,(anonymous_2)
FNDA:13,(anonymous_3)
FNDA:0,(anonymous_4)
DA:19,2
DA:27,2
DA:29,2
DA:30,5
DA:52,2
DA:53,2
DA:56,13
DA:106,0
LF:8
LH:7
BRDA:96,0,0,13
BRDA:96,0,1,0
BRDA:99,1,0,0
BRDA:99,1,1,13
BRDA:99,2,0,13
BRDA:99,2,1,0
BRF:6
BRH:3
end_of_record
TN:
SF:/Users/philberryman/workspace/totally-money/client/src/components/SelectedCard.js
FN:50,(anonymous_0)
FN:52,(anonymous_1)
FN:94,(anonymous_2)
FN:98,(anonymous_3)
FN:194,(anonymous_4)
FNF:5
FNH:2
FNDA:0,(anonymous_0)
FNDA:1,(anonymous_1)
FNDA:0,(anonymous_2)
FNDA:7,(anonymous_3)
FNDA:0,(anonymous_4)
DA:22,2
DA:23,2
DA:25,2
DA:50,2
DA:52,2
DA:58,1
DA:95,0
DA:96,0
DA:99,7
DA:194,0
LF:10
LH:7
BRDA:111,0,0,7
BRDA:111,0,1,0
BRDA:114,1,0,0
BRDA:114,1,1,7
BRDA:114,2,0,7
BRDA:114,2,1,0
BRDA:128,3,0,7
BRDA:128,3,1,0
BRDA:131,4,0,0
BRDA:131,4,1,7
BRDA:131,5,0,7
BRDA:131,5,1,0
BRDA:145,6,0,7
BRDA:145,6,1,0
BRDA:148,7,0,0
BRDA:148,7,1,7
BRDA:148,8,0,7
BRDA:148,8,1,0
BRDA:164,9,0,7
BRDA:164,9,1,0
BRDA:167,10,0,0
BRDA:167,10,1,7
BRDA:167,11,0,7
BRDA:167,11,1,0
BRDA:183,12,0,7
BRDA:183,12,1,0
BRDA:186,13,0,0
BRDA:186,13,1,7
BRDA:186,14,0,7
BRDA:186,14,1,0
BRF:30
BRH:15
end_of_record
TN:
SF:/Users/philberryman/workspace/totally-money/client/src/lib/appData.js
FNF:0
FNH:0
DA:1,3
DA:47,3
LF:2
LH:2
BRF:0
BRH:0
end_of_record
TN:
SF:/Users/philberryman/workspace/totally-money/client/src/lib/cards.js
FN:5,(anonymous_0)
FN:11,(anonymous_1)
FN:11,(anonymous_2)
FN:27,(anonymous_3)
FN:32,(anonymous_4)
FN:32,(anonymous_5)
FN:42,(anonymous_6)
FN:49,(anonymous_7)
FN:56,(anonymous_8)
FNF:9
FNH:9
FNDA:7,(anonymous_0)
FNDA:21,(anonymous_1)
FNDA:14,(anonymous_2)
FNDA:21,(anonymous_3)
FNDA:7,(anonymous_4)
FNDA:21,(anonymous_5)
FNDA:7,(anonymous_6)
FNDA:2,(anonymous_7)
FNDA:2,(anonymous_8)
DA:5,3
DA:6,7
DA:7,7
DA:11,21
DA:12,14
DA:13,0
DA:15,14
DA:16,7
DA:17,7
DA:18,7
DA:27,7
DA:28,21
DA:32,7
DA:33,21
DA:34,13
DA:35,13
DA:37,8
DA:42,7
DA:43,7
DA:45,7
DA:46,7
DA:49,3
DA:55,2
DA:56,2
DA:58,1
DA:64,1
LF:26
LH:25
BRDA:12,0,0,0
BRDA:12,0,1,14
BRDA:15,1,0,7
BRDA:15,1,1,7
BRDA:16,2,0,4
BRDA:16,2,1,3
BRDA:17,3,0,7
BRDA:17,3,1,0
BRDA:18,4,0,2
BRDA:18,4,1,5
BRDA:33,5,0,13
BRDA:33,5,1,8
BRDA:56,6,0,1
BRDA:56,6,1,1
BRF:14
BRH:12
end_of_record
TN:
SF:/Users/philberryman/workspace/totally-money/client/src/lib/fetch.js
FN:1,(anonymous_0)
FN:17,(anonymous_1)
FN:18,(anonymous_2)
FNF:3
FNH:0
FNDA:0,(anonymous_0)
FNDA:0,(anonymous_1)
FNDA:0,(anonymous_2)
DA:1,2
DA:6,0
DA:17,0
DA:18,0
LF:4
LH:1
BRF:0
BRH:0
end_of_record
TN:
SF:/Users/philberryman/workspace/totally-money/client/src/styles/styles.js
FN:62,(anonymous_0)
FN:63,(anonymous_1)
FN:76,(anonymous_2)
FNF:3
FNH:3
FNDA:48,(anonymous_0)
FNDA:48,(anonymous_1)
FNDA:13,(anonymous_2)
DA:3,2
DA:12,2
DA:21,2
DA:30,2
DA:39,2
DA:46,2
DA:52,2
DA:58,2
DA:62,48
DA:63,48
DA:66,2
DA:74,2
DA:76,13
DA:79,2
DA:87,2
DA:96,2
DA:103,2
DA:108,2
DA:116,2
DA:127,2
DA:136,2
DA:140,2
DA:151,2
DA:155,2
DA:159,2
LF:25
LH:25
BRDA:62,0,0,0
BRDA:62,0,1,48
BRDA:63,1,0,0
BRDA:63,1,1,48
BRDA:76,2,0,0
BRDA:76,2,1,13
BRF:6
BRH:3
end_of_record
